빌드 시작: 2015-12-23 오전 3:34:33
     1>2 노드의 "C:\Users\Hyun Bin\documents\visual studio 2010\Projects\Maze\Maze\Maze.vcxproj" 프로젝트(build 대상)입니다.
     1>InitializeBuildStatus:
         "AlwaysCreate"이(가) 지정되었기 때문에 "Debug\Maze.unsuccessfulbuild"을(를) 만들고 있습니다.
       ClCompile:
         c:\Program Files (x86)\Microsoft Visual Studio 10.0\VC\bin\CL.exe /c /ZI /nologo /W3 /WX- /Od /Oy- /D _MBCS /Gm /EHsc /RTC1 /MDd /GS /fp:precise /Zc:wchar_t /Zc:forScope /Fo"Debug\\" /Fd"Debug\vc100.pdb" /Gd /TP /analyze- /errorReport:prompt main.cpp
         main.cpp
     1>c:\users\hyun bin\documents\visual studio 2010\projects\maze\maze\main.cpp(62): warning C4996: 'getch': The POSIX name for this item is deprecated. Instead, use the ISO C++ conformant name: _getch. See online help for details.
                 c:\program files (x86)\microsoft visual studio 10.0\vc\include\conio.h(128) : 'getch' 선언을 참조하십시오.
     1>c:\users\hyun bin\documents\visual studio 2010\projects\maze\maze\main.cpp(131): warning C4996: 'getch': The POSIX name for this item is deprecated. Instead, use the ISO C++ conformant name: _getch. See online help for details.
                 c:\program files (x86)\microsoft visual studio 10.0\vc\include\conio.h(128) : 'getch' 선언을 참조하십시오.
       Link:
         c:\Program Files (x86)\Microsoft Visual Studio 10.0\VC\bin\link.exe /ERRORREPORT:PROMPT /OUT:"C:\Users\Hyun Bin\documents\visual studio 2010\Projects\Maze\Debug\Maze.exe" /NOLOGO kernel32.lib user32.lib gdi32.lib winspool.lib comdlg32.lib advapi32.lib shell32.lib ole32.lib oleaut32.lib uuid.lib odbc32.lib odbccp32.lib /MANIFEST /ManifestFile:"Debug\Maze.exe.intermediate.manifest" /MANIFESTUAC:"level='asInvoker' uiAccess='false'" /DEBUG /PDB:"C:\Users\Hyun Bin\documents\visual studio 2010\Projects\Maze\Debug\Maze.pdb" /TLBID:1 /DYNAMICBASE /NXCOMPAT /IMPLIB:"C:\Users\Hyun Bin\documents\visual studio 2010\Projects\Maze\Debug\Maze.lib" /MACHINE:X86 Debug\main.obj
         LINK : C:\Users\Hyun Bin\documents\visual studio 2010\Projects\Maze\Debug\Maze.exe을(를) 찾을 수 없거나 마지막 증분 링크에 의해 빌드되지 않았습니다. 전체 링크를 수행하고 있습니다.
         Maze.vcxproj -> C:\Users\Hyun Bin\documents\visual studio 2010\Projects\Maze\Debug\Maze.exe
       Manifest:
         C:\Program Files (x86)\Microsoft SDKs\Windows\v7.0A\bin\mt.exe /nologo /verbose /outputresource:"C:\Users\Hyun Bin\documents\visual studio 2010\Projects\Maze\Debug\Maze.exe;#1" /manifest Debug\Maze.exe.intermediate.manifest
       FinalizeBuildStatus:
         "Debug\Maze.unsuccessfulbuild" 파일을 삭제하고 있습니다.
         "Debug\Maze.lastbuildstate"에 연결(touching)하고 있습니다.
     1>"C:\Users\Hyun Bin\documents\visual studio 2010\Projects\Maze\Maze\Maze.vcxproj" 프로젝트를 빌드했습니다(build 대상).

빌드했습니다.

경과 시간: 00:00:01.14
